<?xml version="1.0" encoding="UTF-8"?>
<!-- Generated by org.testng.reporters.JUnitReportReporter -->
<testsuite hostname="DESKTOP-36H0BPK" failures="0" tests="3" name="hospiolpkg.TestNGClass" time="0.026" errors="0" timestamp="2024-02-23T10:16:06 IST" skipped="0">
  <testcase classname="hospiolpkg.TestNGClass" name="testMethod" time="0.016"/>
  <system-out/>
  <testcase classname="hospiolpkg.TestNGClass" name="testMethod" time="0.009"/>
  <system-out/>
  <testcase classname="hospiolpkg.TestNGClass" name="testMethod" time="0.001"/>
  <system-out/>
</testsuite> <!-- hospiolpkg.TestNGClass -->
