<?xml version="1.0" encoding="UTF-8"?>
<!-- Generated by org.testng.reporters.JUnitReportReporter -->
<testsuite hostname="DESKTOP-36H0BPK" failures="0" tests="1" name="hospiolpkg.ParameterizedTest" time="0.024" errors="0" timestamp="2024-02-26T09:35:52 IST" skipped="0">
  <testcase classname="hospiolpkg.ParameterizedTest" name="parameterTest" time="0.024"/>
  <system-out/>
</testsuite> <!-- hospiolpkg.ParameterizedTest -->
