<?xml version="1.0" encoding="UTF-8"?>
<!-- Generated by org.testng.reporters.JUnitReportReporter -->
<testsuite hostname="DESKTOP-36H0BPK" failures="0" tests="2" name="com.qascript.crossbrowsertests" time="0.040" errors="0" timestamp="2024-02-26T09:39:28 IST" skipped="0">
  <testcase classname="com.qascript.crossbrowsertests" name="crossbrowsertest" time="0.021"/>
  <system-out/>
  <testcase classname="com.qascript.crossbrowsertests" name="crossbrowsertest" time="0.019"/>
  <system-out/>
</testsuite> <!-- com.qascript.crossbrowsertests -->
